#
# There is insufficient memory for the Java Runtime Environment to continue.
# Native memory allocation (malloc) failed to allocate 112352 bytes for Chunk::new
# Possible reasons:
#   The system is out of physical RAM or swap space
#   The process is running with CompressedOops enabled, and the Java Heap may be blocking the growth of the native heap
# Possible solutions:
#   Reduce memory load on the system
#   Increase physical memory or swap space
#   Check if swap backing store is full
#   Decrease Java heap size (-Xmx/-Xms)
#   Decrease number of Java threads
#   Decrease Java thread stack sizes (-Xss)
#   Set larger code cache with -XX:ReservedCodeCacheSize=
#   JVM is running with Unscaled Compressed Oops mode in which the Java heap is
#     placed in the first 4GB address space. The Java Heap base address is the
#     maximum limit for the native heap growth. Please use -XX:HeapBaseMinAddress
#     to set the Java Heap base and to place the Java Heap above 4GB virtual address.
# This output file may be truncated or incomplete.
#
#  Out of Memory Error (allocation.cpp:389), pid=14352, tid=0x0000000000003a20
#
# JRE version: Java(TM) SE Runtime Environment (8.0_231-b11) (build 1.8.0_231-b11)
# Java VM: Java HotSpot(TM) 64-Bit Server VM (25.231-b11 mixed mode windows-amd64 compressed oops)
# Failed to write core dump. Minidumps are not enabled by default on client versions of Windows
#

---------------  T H R E A D  ---------------

Current thread (0x0000000018a75000):  JavaThread "C2 CompilerThread0" daemon [_thread_in_native, id=14880, stack(0x000000001a280000,0x000000001a380000)]

Stack: [0x000000001a280000,0x000000001a380000]
[error occurred during error reporting (printing stack bounds), id 0xc0000005]

Native frames: (J=compiled Java code, j=interpreted, Vv=VM code, C=native code)


Current CompileTask:
C2:    409  645       4       java.util.jar.JarFile::getEntry (22 bytes)


---------------  P R O C E S S  ---------------

Java Threads: ( => current thread )
  0x000000001aa5a800 JavaThread "ReaderThread" [_thread_in_native, id=10104, stack(0x000000001b3f0000,0x000000001b4f0000)]
  0x0000000018b2f800 JavaThread "Service Thread" daemon [_thread_blocked, id=13552, stack(0x000000001a6f0000,0x000000001a7f0000)]
  0x0000000018a9c800 JavaThread "C1 CompilerThread3" daemon [_thread_blocked, id=12620, stack(0x000000001a5f0000,0x000000001a6f0000)]
  0x0000000018a9b800 JavaThread "C2 CompilerThread2" daemon [_thread_in_native, id=13960, stack(0x000000001a4d0000,0x000000001a5d0000)]
  0x0000000018a90800 JavaThread "C2 CompilerThread1" daemon [_thread_blocked, id=6432, stack(0x0000000019da0000,0x0000000019ea0000)]
=>0x0000000018a75000 JavaThread "C2 CompilerThread0" daemon [_thread_in_native, id=14880, stack(0x000000001a280000,0x000000001a380000)]
  0x0000000018a74800 JavaThread "Attach Listener" daemon [_thread_blocked, id=14248, stack(0x0000000019fc0000,0x000000001a0c0000)]
  0x0000000018a73800 JavaThread "Signal Dispatcher" daemon [_thread_blocked, id=5336, stack(0x000000001a0c0000,0x000000001a1c0000)]
  0x00000000179b4800 JavaThread "Finalizer" daemon [_thread_blocked, id=15280, stack(0x0000000019eb0000,0x0000000019fb0000)]
  0x00000000179ac800 JavaThread "Reference Handler" daemon [_thread_blocked, id=10772, stack(0x0000000019ca0000,0x0000000019da0000)]
  0x00000000023cf000 JavaThread "main" [_thread_in_native, id=6992, stack(0x0000000002680000,0x0000000002780000)]

Other Threads:
  0x00000000179a4000 VMThread [stack: 0x0000000019a60000,0x0000000019b60000] [id=14628]
  0x0000000018b35800 WatcherThread [stack: 0x000000001a8f0000,0x000000001a9f0000] [id=14556]

VM state:not at safepoint (normal execution)

VM Mutex/Monitor currently owned by a thread: None

heap address: 0x0000000081200000, size: 2030 MB, Compressed Oops mode: 32-bit
Narrow klass base: 0x0000000000000000, Narrow klass shift: 3
Compressed class space size: 1073741824 Address: 0x0000000140010000

Heap:
 PSYoungGen      total 38400K, used 18680K [0x00000000d5b80000, 0x00000000d8600000, 0x0000000100000000)
  eden space 33280K, 56% used [0x00000000d5b80000,0x00000000d6dbe1f8,0x00000000d7c00000)
  from space 5120K, 0% used [0x00000000d8100000,0x00000000d8100000,0x00000000d8600000)
  to   space 5120K, 0% used [0x00000000d7c00000,0x00000000d7c00000,0x00000000d8100000)
 ParOldGen       total 87552K, used 0K [0x0000000081200000, 0x0000000086780000, 0x00000000d5b80000)
  object space 87552K, 0% used [0x0000000081200000,0x0000000081200000,0x0000000086780000)
 Metaspace       used 8959K, capacity 9220K, committed 9344K, reserved 1056768K
  class space    used 1074K, capacity 1138K, committed 1152K, reserved 1048576K

Card table byte_map: [0x0000000011b40000,0x0000000011f40000] byte_map_base: 0x0000000011737000

Marking Bits: (ParMarkBitMap*) 0x00000000575a6d90
 Begin Bits: [0x0000000012c50000, 0x0000000014c08000)
 End Bits:   [0x0000000014c08000, 0x0000000016bc0000)

Polling page: 0x0000000000230000

CodeCache: size=245760Kb used=2648Kb max_used=2660Kb free=243111Kb
 bounds [0x0000000002780000, 0x0000000002a20000, 0x0000000011780000]
 total_blobs=962 nmethods=648 adapters=227
 compilation: enabled

Compilation events (10 events):
Event: 0.400 Thread 0x0000000018a9c800  644       3       java.util.zip.InflaterInputStream::<init> (79 bytes)
Event: 0.400 Thread 0x0000000018a9c800 nmethod 644 0x0000000002a14ad0 code [0x0000000002a14c80, 0x0000000002a15358]
Event: 0.402 Thread 0x0000000018a75000  645       4       java.util.jar.JarFile::getEntry (22 bytes)
Event: 0.402 Thread 0x0000000018a9b800  646   !   4       java.util.zip.ZipFile::getEntry (101 bytes)
Event: 0.404 Thread 0x0000000018a9c800  649       3       java.util.AbstractSet::<init> (5 bytes)
Event: 0.404 Thread 0x0000000018a9c800 nmethod 649 0x0000000002a13f90 code [0x0000000002a14100, 0x0000000002a14310]
Event: 0.405 Thread 0x0000000018a9c800  650       3       sun.misc.Resource::<init> (5 bytes)
Event: 0.405 Thread 0x0000000018a9c800 nmethod 650 0x0000000002a13bd0 code [0x0000000002a13d20, 0x0000000002a13ed0]
Event: 0.405 Thread 0x0000000018a90800  651   !   4       sun.reflect.generics.parser.SignatureParser::current (40 bytes)
Event: 0.406 Thread 0x0000000018a90800 nmethod 651 0x0000000002a13950 code [0x0000000002a13a80, 0x0000000002a13b18]

GC Heap History (0 events):
No events

Deoptimization events (3 events):
Event: 0.190 Thread 0x00000000023cf000 Uncommon trap: reason=unstable_if action=reinterpret pc=0x000000000290ef88 method=java.lang.String.indexOf([CII[CIII)I @ 123
Event: 0.190 Thread 0x00000000023cf000 Uncommon trap: reason=unstable_if action=reinterpret pc=0x00000000029063fc method=java.lang.String.indexOf([CII[CIII)I @ 123
Event: 0.386 Thread 0x00000000023cf000 Uncommon trap: reason=unstable_if action=reinterpret pc=0x00000000029715c4 method=sun.misc.MetaIndex.mayContain(Ljava/lang/String;)Z @ 38

Classes redefined (0 events):
No events

Internal exceptions (10 events):
Event: 0.255 Thread 0x00000000023cf000 Exception <a 'java/lang/ArrayIndexOutOfBoundsException'> (0x00000000d633d9f8) thrown at [C:\re\workspace\8-2-build-windows-amd64-cygwin\jdk8u231\13620\hotspot\src\share\vm\runtime\sharedRuntime.cpp, line 605]
Event: 0.256 Thread 0x00000000023cf000 Exception <a 'java/lang/ClassNotFoundException': org/apache/log4j/AppenderSkeletonCustomizer> (0x00000000d634dea0) thrown at [C:\re\workspace\8-2-build-windows-amd64-cygwin\jdk8u231\13620\hotspot\src\share\vm\classfile\systemDictionary.cpp, line 210]
Event: 0.258 Thread 0x00000000023cf000 Exception <a 'java/lang/ClassNotFoundException': org/apache/log4j/WriterAppenderCustomizer> (0x00000000d637d8c0) thrown at [C:\re\workspace\8-2-build-windows-amd64-cygwin\jdk8u231\13620\hotspot\src\share\vm\classfile\systemDictionary.cpp, line 210]
Event: 0.259 Thread 0x00000000023cf000 Exception <a 'java/lang/ClassNotFoundException': org/apache/log4j/ConsoleAppenderCustomizer> (0x00000000d63979a8) thrown at [C:\re\workspace\8-2-build-windows-amd64-cygwin\jdk8u231\13620\hotspot\src\share\vm\classfile\systemDictionary.cpp, line 210]
Event: 0.264 Thread 0x00000000023cf000 Exception <a 'java/lang/ClassNotFoundException': org/apache/log4j/PatternLayoutBeanInfo> (0x00000000d6422258) thrown at [C:\re\workspace\8-2-build-windows-amd64-cygwin\jdk8u231\13620\hotspot\src\share\vm\classfile\systemDictionary.cpp, line 210]
Event: 0.265 Thread 0x00000000023cf000 Exception <a 'java/lang/ClassNotFoundException': org/apache/log4j/LayoutBeanInfo> (0x00000000d642e430) thrown at [C:\re\workspace\8-2-build-windows-amd64-cygwin\jdk8u231\13620\hotspot\src\share\vm\classfile\systemDictionary.cpp, line 210]
Event: 0.265 Thread 0x00000000023cf000 Exception <a 'java/lang/ClassNotFoundException': org/apache/log4j/LayoutCustomizer> (0x00000000d643a980) thrown at [C:\re\workspace\8-2-build-windows-amd64-cygwin\jdk8u231\13620\hotspot\src\share\vm\classfile\systemDictionary.cpp, line 210]
Event: 0.266 Thread 0x00000000023cf000 Exception <a 'java/lang/ClassNotFoundException': org/apache/log4j/PatternLayoutCustomizer> (0x00000000d644c870) thrown at [C:\re\workspace\8-2-build-windows-amd64-cygwin\jdk8u231\13620\hotspot\src\share\vm\classfile\systemDictionary.cpp, line 210]
Event: 0.296 Thread 0x00000000023cf000 Exception <a 'java/lang/NoSuchFieldError': method resolution failed> (0x00000000d65b8310) thrown at [C:\re\workspace\8-2-build-windows-amd64-cygwin\jdk8u231\13620\hotspot\src\share\vm\prims\methodHandles.cpp, line 1167]
Event: 0.298 Thread 0x00000000023cf000 Exception <a 'java/lang/NoSuchFieldError': method resolution failed> (0x00000000d65c5a00) thrown at [C:\re\workspace\8-2-build-windows-amd64-cygwin\jdk8u231\13620\hotspot\src\share\vm\prims\methodHandles.cpp, line 1167]

Events (10 events):
Event: 0.406 loading class java/util/concurrent/ConcurrentLinkedQueue$Node
Event: 0.406 loading class java/util/concurrent/ConcurrentLinkedQueue$Node done
Event: 0.407 loading class org/eclipse/jdt/internal/junit4/runner/JUnit4TestReference
Event: 0.407 loading class org/eclipse/jdt/internal/junit4/runner/JUnit4TestReference done
Event: 0.407 loading class org/junit/runner/notification/RunListener
Event: 0.407 loading class org/junit/runner/notification/RunListener done
Event: 0.408 loading class org/eclipse/jdt/internal/junit4/runner/JUnit4TestListener
Event: 0.408 loading class org/eclipse/jdt/internal/junit4/runner/JUnit4TestListener done
Event: 0.408 loading class org/eclipse/jdt/internal/junit/runner/IStopListener
Event: 0.408 loading class org/eclipse/jdt/internal/junit/runner/IStopListener done


Dynamic libraries:
0x000000013ffd0000 - 0x0000000140007000 	C:\Program Files\Java\jdk1.8.0_231\bin\javaw.exe
0x0000000077960000 - 0x0000000077b0a000 	C:\Windows\SYSTEM32\ntdll.dll
0x0000000077740000 - 0x000000007785f000 	C:\Windows\system32\kernel32.dll
0x000007fefd980000 - 0x000007fefd9ea000 	C:\Program Files\Java\jdk1.8.0_231\jre\bin\verify.dll
0x000007fefda90000 - 0x000007fefdb6b000 	C:\Windows\system32\ADVAPI32.dll
0x000007feff9e0000 - 0x000007feffa7f000 	C:\Windows\system32\msvcrt.dll
0x000007feffc50000 - 0x000007feffc6f000 	C:\Windows\SYSTEM32\sechost.dll
0x000007fefe3b0000 - 0x000007fefe4dd000 	C:\Windows\system32\RPCRT4.dll
0x0000000077860000 - 0x000000007795a000 	C:\Windows\system32\USER32.dll
0x000007feff8a0000 - 0x000007feff907000 	C:\Windows\system32\GDI32.dll
0x000007feffb20000 - 0x000007feffb2e000 	C:\Windows\system32\LPK.dll
0x000007feff910000 - 0x000007feff9db000 	C:\Windows\system32\USP10.dll
0x000007fefbaf0000 - 0x000007fefbce4000 	C:\Windows\WinSxS\amd64_microsoft.windows.common-controls_6595b64144ccf1df_6.0.7601.18837_none_fa3b1e3d17594757\COMCTL32.dll
0x000007fefda10000 - 0x000007fefda81000 	C:\Windows\system32\SHLWAPI.dll
0x000007feff6e0000 - 0x000007feff70e000 	C:\Windows\system32\IMM32.DLL
0x000007fefddc0000 - 0x000007fefdec9000 	C:\Windows\system32\MSCTF.dll
0x00000000577c0000 - 0x0000000057892000 	C:\Program Files\Java\jdk1.8.0_231\jre\bin\msvcr100.dll
0x0000000056d80000 - 0x0000000057626000 	C:\Program Files\Java\jdk1.8.0_231\jre\bin\server\jvm.dll
0x000007fef8be0000 - 0x000007fef8be9000 	C:\Windows\system32\WSOCK32.dll
0x000007fefdb70000 - 0x000007fefdbbd000 	C:\Windows\system32\WS2_32.dll
0x000007fefe0b0000 - 0x000007fefe0b8000 	C:\Windows\system32\NSI.dll
0x000007fef9d20000 - 0x000007fef9d5b000 	C:\Windows\system32\WINMM.dll
0x000007fefc6e0000 - 0x000007fefc6ec000 	C:\Windows\system32\VERSION.dll
0x0000000077b30000 - 0x0000000077b37000 	C:\Windows\system32\PSAPI.DLL
0x000007fee7340000 - 0x000007fee734f000 	C:\Program Files\Java\jdk1.8.0_231\jre\bin\verify.dll
0x000007fec8420000 - 0x000007fec8449000 	C:\Program Files\Java\jdk1.8.0_231\jre\bin\java.dll
0x000007fed7bd0000 - 0x000007fed7be6000 	C:\Program Files\Java\jdk1.8.0_231\jre\bin\zip.dll
0x000007fefe8f0000 - 0x000007feff67a000 	C:\Windows\system32\SHELL32.dll
0x000007fefdbc0000 - 0x000007fefddbc000 	C:\Windows\system32\ole32.dll
0x000007fefd660000 - 0x000007fefd66f000 	C:\Windows\system32\profapi.dll
0x000007fed7640000 - 0x000007fed765a000 	C:\Program Files\Java\jdk1.8.0_231\jre\bin\net.dll
0x000007fefcde0000 - 0x000007fefce35000 	C:\Windows\system32\mswsock.dll
0x000007fefcdd0000 - 0x000007fefcdd7000 	C:\Windows\System32\wship6.dll

VM Arguments:
jvm_args: -ea -Dfile.encoding=UTF-8 
java_command: org.eclipse.jdt.internal.junit.runner.RemoteTestRunner -version 3 -port 7011 -testLoaderClass org.eclipse.jdt.internal.junit4.runner.JUnit4TestLoader -loaderpluginname org.eclipse.jdt.junit4.runtime -classNames com.pikka.dao.UserDaoTest
java_class_path (initial): D:\beatcamp\pikka\target\test-classes;D:\beatcamp\pikka\target\classes;C:\Users\Bexit\.m2\repository\org\springframework\spring-context\5.1.5.RELEASE\spring-context-5.1.5.RELEASE.jar;C:\Users\Bexit\.m2\repository\org\springframework\spring-aop\5.1.5.RELEASE\spring-aop-5.1.5.RELEASE.jar;C:\Users\Bexit\.m2\repository\org\springframework\spring-beans\5.1.5.RELEASE\spring-beans-5.1.5.RELEASE.jar;C:\Users\Bexit\.m2\repository\org\springframework\spring-core\5.1.5.RELEASE\spring-core-5.1.5.RELEASE.jar;C:\Users\Bexit\.m2\repository\org\springframework\spring-jcl\5.1.5.RELEASE\spring-jcl-5.1.5.RELEASE.jar;C:\Users\Bexit\.m2\repository\org\springframework\spring-expression\5.1.5.RELEASE\spring-expression-5.1.5.RELEASE.jar;C:\Users\Bexit\.m2\repository\org\springframework\spring-webmvc\5.1.5.RELEASE\spring-webmvc-5.1.5.RELEASE.jar;C:\Users\Bexit\.m2\repository\org\springframework\spring-web\5.1.5.RELEASE\spring-web-5.1.5.RELEASE.jar;C:\Users\Bexit\.m2\repository\org\springframework\spring-test\5.1.5.RELEASE\spring-test-5.1.5.RELEASE.jar;C:\Users\Bexit\.m2\repository\org\springframework\spring-jdbc\5.1.5.RELEASE\spring-jdbc-5.1.5.RELEASE.jar;C:\Users\Bexit\.m2\repository\org\springframework\spring-tx\5.1.5.RELEASE\spring-tx-5.1.5.RELEASE.jar;C:\Users\Bexit\.m2\repository\org\springframework\security\spring-security-core\5.1.5.RELEASE\spring-security-core-5.1.5.RELEASE.jar;C:\Users\Bexit\.m2\repository\org\springframework\security\spring-security-web\5.1.5.RELEASE\spring-security-web-5.1.5.RELEASE.jar;C:\Users\Bexit\.m2\repository\org\springframework\security\spring-security-config\5.1.5.RELEASE\spring-security-config-5.1.5.RELEASE.jar;C:\Users\Bexit\.m2\repository\org\springframework\security\spring-security-taglibs\5.1.5.RELEASE\spring-security-taglibs-5.1.5.RELEASE.jar;C:\Users\Bexit\.m2\repository\org\springframework\security\spring-security-acl\5.1.5.RELEASE\spring-security-acl-5.1.5.RELEASE.jar;C:\Users\Bexit\.m2\repository\org\springframework
Launcher Type: SUN_STANDARD

Environment Variables:
JAVA_HOME=C:\Program Files\Java\jdk1.8.0_231
PATH=C:/Program Files/Java/jdk1.8.0_231/bin/../jre/bin/server;C:/Program Files/Java/jdk1.8.0_231/bin/../jre/bin;C:/Program Files/Java/jdk1.8.0_231/bin/../jre/lib/amd64;C:\Program Files\Java\jdk1.8.0_231\bin;C:\Program Files (x86)\Common Files\Oracle\Java\javapath;C:\Program Files (x86)\Wizvera\Delfino;C:\Windows\system32;C:\Windows;C:\Windows\System32\Wbem;C:\Windows\System32\WindowsPowerShell\v1.0\;C:\Program Files (x86)\ATI Technologies\ATI.ACE\Core-Static;C:\Program Files (x86)\Common Files\Teruten\DSFilter;C:\Program Files\Microsoft SQL Server\Client SDK\ODBC\110\Tools\Binn\;C:\Program Files (x86)\Microsoft SQL Server\120\Tools\Binn\;C:\Program Files\Microsoft SQL Server\120\Tools\Binn\;C:\Program Files\Microsoft SQL Server\120\DTS\Binn\;C:\Program Files (x86)\Windows Kits\8.1\Windows Performance Toolkit\;D:\Git\cmd;C:\Hugo\bin;C:\Program Files\Java\jdk1.8.0_231\bin;C:\Program Files\Bandizip\7z;C:\Users\Bexit\AppData\Local\Programs\Microsoft VS Code\bin;C:\sts-bundle\sts-3.9.11.RELEASE;
USERNAME=Bexit
OS=Windows_NT
PROCESSOR_IDENTIFIER=Intel64 Family 6 Model 60 Stepping 3, GenuineIntel



---------------  S Y S T E M  ---------------

OS: Windows 7 , 64 bit Build 7601 (6.1.7601.23915)

CPU:total 8 (initial active 8) (4 cores per cpu, 2 threads per core) family 6 model 60 stepping 3, cmov, cx8, fxsr, mmx, sse, sse2, sse3, ssse3, sse4.1, sse4.2, popcnt, avx, avx2, aes, clmul, erms, rtm, lzcnt, ht, tsc, tscinvbit, bmi1, bmi2

Memory: 4k page, physical 8314872k(1705136k free), swap 8313012k(22352k free)

vm_info: Java HotSpot(TM) 64-Bit Server VM (25.231-b11) for windows-amd64 JRE (1.8.0_231-b11), built on Oct  5 2019 03:11:30 by "java_re" with MS VC++ 10.0 (VS2010)

time: Tue Mar 31 23:42:17 2020
timezone: 태평양 일광 절약 시간
elapsed time: 0 seconds (0d 0h 0m 0s)

